<?xml version="1.0" encoding="UTF-8"?>
<testsuite xmlns:xsi="http://www.w3.org/2001/XMLSchema-instance" xsi:noNamespaceSchemaLocation="https://maven.apache.org/surefire/maven-surefire-plugin/xsd/surefire-test-report.xsd" name="com.garanti.internal.RunCucumberTest" time="8.14" tests="2" errors="0" skipped="0" failures="0">
  <properties>
    <property name="gopherProxySet" value="false"/>
    <property name="awt.toolkit" value="sun.lwawt.macosx.LWCToolkit"/>
    <property name="java.specification.version" value="11"/>
    <property name="sun.cpu.isalist" value=""/>
    <property name="sun.jnu.encoding" value="UTF-8"/>
    <property name="java.class.path" value="/Users/rams/liveprojects/Garanti/loanapproval-test-jbpm-bdd/target/test-classes:/Users/rams/liveprojects/Garanti/loanapproval-test-jbpm-bdd/target/classes:/Users/rams/.m2/repository/com/garanti/loanapproval/1.0.0-SNAPSHOT/loanapproval-1.0.0-SNAPSHOT.jar:/Users/rams/.m2/repository/org/jbpm/jbpm-test/7.52.0.Final-redhat-00008/jbpm-test-7.52.0.Final-redhat-00008.jar:/Users/rams/.m2/repository/org/drools/drools-core/7.52.0.Final-redhat-00008/drools-core-7.52.0.Final-redhat-00008.jar:/Users/rams/.m2/repository/org/kie/soup/kie-soup-xstream/7.52.0.Final-redhat-00008/kie-soup-xstream-7.52.0.Final-redhat-00008.jar:/Users/rams/.m2/repository/org/drools/drools-core-reflective/7.52.0.Final-redhat-00008/drools-core-reflective-7.52.0.Final-redhat-00008.jar:/Users/rams/.m2/repository/org/drools/drools-core-dynamic/7.52.0.Final-redhat-00008/drools-core-dynamic-7.52.0.Final-redhat-00008.jar:/Users/rams/.m2/repository/commons-codec/commons-codec/1.11.0.redhat-00001/commons-codec-1.11.0.redhat-00001.jar:/Users/rams/.m2/repository/org/jbpm/jbpm-bpmn2/7.52.0.Final-redhat-00008/jbpm-bpmn2-7.52.0.Final-redhat-00008.jar:/Users/rams/.m2/repository/org/jbpm/jbpm-flow-builder/7.52.0.Final-redhat-00008/jbpm-flow-builder-7.52.0.Final-redhat-00008.jar:/Users/rams/.m2/repository/org/mvel/mvel2/2.4.12.Final-redhat-00001/mvel2-2.4.12.Final-redhat-00001.jar:/Users/rams/.m2/repository/org/jbpm/jbpm-flow/7.52.0.Final-redhat-00008/jbpm-flow-7.52.0.Final-redhat-00008.jar:/Users/rams/.m2/repository/org/drools/drools-mvel/7.52.0.Final-redhat-00008/drools-mvel-7.52.0.Final-redhat-00008.jar:/Users/rams/.m2/repository/org/drools/drools-serialization-protobuf/7.52.0.Final-redhat-00008/drools-serialization-protobuf-7.52.0.Final-redhat-00008.jar:/Users/rams/.m2/repository/org/kie/soup/kie-soup-commons/7.52.0.Final-redhat-00008/kie-soup-commons-7.52.0.Final-redhat-00008.jar:/Users/rams/.m2/repository/org/kie/soup/kie-soup-project-datamodel-commons/7.52.0.Final-redhat-00008/kie-soup-project-datamodel-commons-7.52.0.Final-redhat-00008.jar:/Users/rams/.m2/repository/org/kie/soup/kie-soup-project-datamodel-api/7.52.0.Final-redhat-00008/kie-soup-project-datamodel-api-7.52.0.Final-redhat-00008.jar:/Users/rams/.m2/repository/org/kie/kie-dmn-api/7.52.0.Final-redhat-00008/kie-dmn-api-7.52.0.Final-redhat-00008.jar:/Users/rams/.m2/repository/org/kie/kie-dmn-feel/7.52.0.Final-redhat-00008/kie-dmn-feel-7.52.0.Final-redhat-00008.jar:/Users/rams/.m2/repository/org/kie/kie-dmn-model/7.52.0.Final-redhat-00008/kie-dmn-model-7.52.0.Final-redhat-00008.jar:/Users/rams/.m2/repository/org/antlr/antlr4-runtime/4.8.0.redhat-00002/antlr4-runtime-4.8.0.redhat-00002.jar:/Users/rams/.m2/repository/com/github/javaparser/javaparser-core/3.13.10/javaparser-core-3.13.10.jar:/Users/rams/.m2/repository/org/drools/drools-mvel-parser/7.52.0.Final-redhat-00008/drools-mvel-parser-7.52.0.Final-redhat-00008.jar:/Users/rams/.m2/repository/ch/obermuhlner/big-math/2.0.1/big-math-2.0.1.jar:/Users/rams/.m2/repository/org/kie/kie-dmn-core/7.52.0.Final-redhat-00008/kie-dmn-core-7.52.0.Final-redhat-00008.jar:/Users/rams/.m2/repository/org/kie/kie-dmn-backend/7.52.0.Final-redhat-00008/kie-dmn-backend-7.52.0.Final-redhat-00008.jar:/Users/rams/.m2/repository/org/drools/drools-ruleunit/7.52.0.Final-redhat-00008/drools-ruleunit-7.52.0.Final-redhat-00008.jar:/Users/rams/.m2/repository/org/drools/drools-canonical-model/7.52.0.Final-redhat-00008/drools-canonical-model-7.52.0.Final-redhat-00008.jar:/Users/rams/.m2/repository/org/drools/drools-model-compiler/7.52.0.Final-redhat-00008/drools-model-compiler-7.52.0.Final-redhat-00008.jar:/Users/rams/.m2/repository/org/drools/drools-mvel-compiler/7.52.0.Final-redhat-00008/drools-mvel-compiler-7.52.0.Final-redhat-00008.jar:/Users/rams/.m2/repository/org/drools/drools-alphanetwork-compiler/7.52.0.Final-redhat-00008/drools-alphanetwork-compiler-7.52.0.Final-redhat-00008.jar:/Users/rams/.m2/repository/org/jpmml/pmml-model/1.5.1/pmml-model-1.5.1.jar:/Users/rams/.m2/repository/org/jpmml/pmml-agent/1.5.1/pmml-agent-1.5.1.jar:/Users/rams/.m2/repository/com/google/protobuf/protobuf-java/3.6.1/protobuf-java-3.6.1.jar:/Users/rams/.m2/repository/org/apache/commons/commons-lang3/3.9.0.redhat-00001/commons-lang3-3.9.0.redhat-00001.jar:/Users/rams/.m2/repository/org/jbpm/jbpm-persistence-jpa/7.52.0.Final-redhat-00008/jbpm-persistence-jpa-7.52.0.Final-redhat-00008.jar:/Users/rams/.m2/repository/org/jbpm/jbpm-persistence-api/7.52.0.Final-redhat-00008/jbpm-persistence-api-7.52.0.Final-redhat-00008.jar:/Users/rams/.m2/repository/org/drools/drools-persistence-jpa/7.52.0.Final-redhat-00008/drools-persistence-jpa-7.52.0.Final-redhat-00008.jar:/Users/rams/.m2/repository/org/jboss/spec/javax/xml/bind/jboss-jaxb-api_2.3_spec/1.0.1.Final-redhat-1/jboss-jaxb-api_2.3_spec-1.0.1.Final-redhat-1.jar:/Users/rams/.m2/repository/org/drools/drools-persistence-api/7.52.0.Final-redhat-00008/drools-persistence-api-7.52.0.Final-redhat-00008.jar:/Users/rams/.m2/repository/org/jbpm/jbpm-audit/7.52.0.Final-redhat-00008/jbpm-audit-7.52.0.Final-redhat-00008.jar:/Users/rams/.m2/repository/org/jbpm/jbpm-query-jpa/7.52.0.Final-redhat-00008/jbpm-query-jpa-7.52.0.Final-redhat-00008.jar:/Users/rams/.m2/repository/com/thoughtworks/xstream/xstream/1.4.16.redhat-00001/xstream-1.4.16.redhat-00001.jar:/Users/rams/.m2/repository/io/github/x-stream/mxparser/1.2.1/mxparser-1.2.1.jar:/Users/rams/.m2/repository/xmlpull/xmlpull/1.1.3.1/xmlpull-1.1.3.1.jar:/Users/rams/.m2/repository/org/jbpm/jbpm-human-task-core/7.52.0.Final-redhat-00008/jbpm-human-task-core-7.52.0.Final-redhat-00008.jar:/Users/rams/.m2/repository/org/jboss/spec/javax/annotation/jboss-annotations-api_1.2_spec/1.0.0.Final-redhat-1/jboss-annotations-api_1.2_spec-1.0.0.Final-redhat-1.jar:/Users/rams/.m2/repository/javax/mail/mail/1.4.5.redhat-2/mail-1.4.5.redhat-2.jar:/Users/rams/.m2/repository/com/fasterxml/jackson/core/jackson-annotations/2.10.4.redhat-00002/jackson-annotations-2.10.4.redhat-00002.jar:/Users/rams/.m2/repository/com/fasterxml/jackson/core/jackson-core/2.10.4.redhat-00002/jackson-core-2.10.4.redhat-00002.jar:/Users/rams/.m2/repository/com/fasterxml/jackson/core/jackson-databind/2.10.5.1-redhat-00001/jackson-databind-2.10.5.1-redhat-00001.jar:/Users/rams/.m2/repository/org/slf4j/jcl-over-slf4j/1.7.30.redhat-00001/jcl-over-slf4j-1.7.30.redhat-00001.jar:/Users/rams/.m2/repository/com/google/guava/guava/25.0-jre/guava-25.0-jre.jar:/Users/rams/.m2/repository/com/google/code/findbugs/jsr305/1.3.9/jsr305-1.3.9.jar:/Users/rams/.m2/repository/org/checkerframework/checker-compat-qual/2.0.0/checker-compat-qual-2.0.0.jar:/Users/rams/.m2/repository/com/google/errorprone/error_prone_annotations/2.1.3/error_prone_annotations-2.1.3.jar:/Users/rams/.m2/repository/com/google/j2objc/j2objc-annotations/1.1/j2objc-annotations-1.1.jar:/Users/rams/.m2/repository/org/codehaus/mojo/animal-sniffer-annotations/1.14/animal-sniffer-annotations-1.14.jar:/Users/rams/.m2/repository/javax/activation/activation/1.1.1.redhat-5/activation-1.1.1.redhat-5.jar:/Users/rams/.m2/repository/org/jbpm/jbpm-human-task-workitems/7.52.0.Final-redhat-00008/jbpm-human-task-workitems-7.52.0.Final-redhat-00008.jar:/Users/rams/.m2/repository/org/jbpm/jbpm-shared-services/7.52.0.Final-redhat-00008/jbpm-shared-services-7.52.0.Final-redhat-00008.jar:/Users/rams/.m2/repository/org/jbpm/jbpm-services-api/7.52.0.Final-redhat-00008/jbpm-services-api-7.52.0.Final-redhat-00008.jar:/Users/rams/.m2/repository/org/jbpm/jbpm-case-mgmt-api/7.52.0.Final-redhat-00008/jbpm-case-mgmt-api-7.52.0.Final-redhat-00008.jar:/Users/rams/.m2/repository/org/kie/kie-api/7.52.0.Final-redhat-00008/kie-api-7.52.0.Final-redhat-00008.jar:/Users/rams/.m2/repository/org/kie/kie-internal/7.52.0.Final-redhat-00008/kie-internal-7.52.0.Final-redhat-00008.jar:/Users/rams/.m2/repository/org/jbpm/jbpm-runtime-manager/7.52.0.Final-redhat-00008/jbpm-runtime-manager-7.52.0.Final-redhat-00008.jar:/Users/rams/.m2/repository/org/eclipse/aether/aether-api/1.1.0.redhat-1/aether-api-1.1.0.redhat-1.jar:/Users/rams/.m2/repository/org/jbpm/jbpm-human-task-audit/7.52.0.Final-redhat-00008/jbpm-human-task-audit-7.52.0.Final-redhat-00008.jar:/Users/rams/.m2/repository/org/jbpm/jbpm-human-task-jpa/7.52.0.Final-redhat-00008/jbpm-human-task-jpa-7.52.0.Final-redhat-00008.jar:/Users/rams/.m2/repository/com/h2database/h2/1.3.173.redhat-2/h2-1.3.173.redhat-2.jar:/Users/rams/.m2/repository/org/hibernate/hibernate-entitymanager/5.3.18.Final-redhat-00002/hibernate-entitymanager-5.3.18.Final-redhat-00002.jar:/Users/rams/.m2/repository/org/jboss/logging/jboss-logging/3.3.2.Final/jboss-logging-3.3.2.Final.jar:/Users/rams/.m2/repository/org/dom4j/dom4j/2.1.3/dom4j-2.1.3.jar:/Users/rams/.m2/repository/org/hibernate/common/hibernate-commons-annotations/5.0.4.Final/hibernate-commons-annotations-5.0.4.Final.jar:/Users/rams/.m2/repository/net/bytebuddy/byte-buddy/1.9.11/byte-buddy-1.9.11.jar:/Users/rams/.m2/repository/org/hibernate/hibernate-core/5.3.18.Final-redhat-00002/hibernate-core-5.3.18.Final-redhat-00002.jar:/Users/rams/.m2/repository/antlr/antlr/2.7.7/antlr-2.7.7.jar:/Users/rams/.m2/repository/org/jboss/jandex/2.0.5.Final/jandex-2.0.5.Final.jar:/Users/rams/.m2/repository/com/fasterxml/classmate/1.3.4/classmate-1.3.4.jar:/Users/rams/.m2/repository/javax/xml/bind/jaxb-api/2.3.1/jaxb-api-2.3.1.jar:/Users/rams/.m2/repository/org/glassfish/jaxb/jaxb-runtime/2.3.1/jaxb-runtime-2.3.1.jar:/Users/rams/.m2/repository/org/glassfish/jaxb/txw2/2.3.1/txw2-2.3.1.jar:/Users/rams/.m2/repository/com/sun/istack/istack-commons-runtime/3.0.7/istack-commons-runtime-3.0.7.jar:/Users/rams/.m2/repository/org/jvnet/staxex/stax-ex/1.8/stax-ex-1.8.jar:/Users/rams/.m2/repository/com/sun/xml/fastinfoset/FastInfoset/1.2.15/FastInfoset-1.2.15.jar:/Users/rams/.m2/repository/javax/persistence/javax.persistence-api/2.2.0.redhat-1/javax.persistence-api-2.2.0.redhat-1.jar:/Users/rams/.m2/repository/org/jboss/narayana/jta/narayana-jta/5.9.0.Final-redhat-00001/narayana-jta-5.9.0.Final-redhat-00001.jar:/Users/rams/.m2/repository/org/jboss/jboss-transaction-spi/7.6.0.Final-redhat-1/jboss-transaction-spi-7.6.0.Final-redhat-1.jar:/Users/rams/.m2/repository/org/jboss/spec/javax/resource/jboss-connector-api_1.7_spec/1.0.0.Final/jboss-connector-api_1.7_spec-1.0.0.Final.jar:/Users/rams/.m2/repository/org/slf4j/slf4j-api/1.7.30.redhat-00001/slf4j-api-1.7.30.redhat-00001.jar:/Users/rams/.m2/repository/org/javassist/javassist/3.26.0.GA-redhat-00001/javassist-3.26.0.GA-redhat-00001.jar:/Users/rams/.m2/repository/org/jboss/spec/javax/transaction/jboss-transaction-api_1.2_spec/1.1.1.Final-redhat-1/jboss-transaction-api_1.2_spec-1.1.1.Final-redhat-1.jar:/Users/rams/.m2/repository/org/kie/kie-test-util/7.52.0.Final-redhat-00008/kie-test-util-7.52.0.Final-redhat-00008.jar:/Users/rams/.m2/repository/commons-collections/commons-collections/3.2.2.redhat-2/commons-collections-3.2.2.redhat-2.jar:/Users/rams/.m2/repository/org/apache/tomcat/tomcat-dbcp/9.0.21.redhat-5/tomcat-dbcp-9.0.21.redhat-5.jar:/Users/rams/.m2/repository/org/apache/tomcat/tomcat-juli/9.0.21.redhat-5/tomcat-juli-9.0.21.redhat-5.jar:/Users/rams/.m2/repository/simple-jndi/simple-jndi/0.11.4.1/simple-jndi-0.11.4.1.jar:/Users/rams/.m2/repository/ch/qos/logback/logback-classic/1.2.3.redhat-00001/logback-classic-1.2.3.redhat-00001.jar:/Users/rams/.m2/repository/ch/qos/logback/logback-core/1.2.3.redhat-00001/logback-core-1.2.3.redhat-00001.jar:/Users/rams/.m2/repository/org/apache/maven/maven-model/3.3.9.redhat-2/maven-model-3.3.9.redhat-2.jar:/Users/rams/.m2/repository/org/codehaus/plexus/plexus-utils/3.0.22.redhat-00001/plexus-utils-3.0.22.redhat-00001.jar:/Users/rams/.m2/repository/org/jbpm/jbpm-test-util/7.52.0.Final-redhat-00008/jbpm-test-util-7.52.0.Final-redhat-00008.jar:/Users/rams/.m2/repository/commons-io/commons-io/2.6.0.redhat-00001/commons-io-2.6.0.redhat-00001.jar:/Users/rams/.m2/repository/org/kie/kie-ci/7.52.0.Final-redhat-00008/kie-ci-7.52.0.Final-redhat-00008.jar:/Users/rams/.m2/repository/org/kie/soup/kie-soup-maven-integration/7.52.0.Final-redhat-00008/kie-soup-maven-integration-7.52.0.Final-redhat-00008.jar:/Users/rams/.m2/repository/org/apache/maven/maven-artifact/3.3.9.redhat-2/maven-artifact-3.3.9.redhat-2.jar:/Users/rams/.m2/repository/org/apache/maven/maven-plugin-api/3.3.9.redhat-2/maven-plugin-api-3.3.9.redhat-2.jar:/Users/rams/.m2/repository/org/eclipse/aether/aether-util/1.1.0.redhat-1/aether-util-1.1.0.redhat-1.jar:/Users/rams/.m2/repository/org/eclipse/aether/aether-spi/1.1.0.redhat-1/aether-spi-1.1.0.redhat-1.jar:/Users/rams/.m2/repository/org/eclipse/aether/aether-transport-file/1.1.0.redhat-1/aether-transport-file-1.1.0.redhat-1.jar:/Users/rams/.m2/repository/org/eclipse/aether/aether-transport-http/1.1.0.redhat-1/aether-transport-http-1.1.0.redhat-1.jar:/Users/rams/.m2/repository/org/apache/ant/ant/1.10.9/ant-1.10.9.jar:/Users/rams/.m2/repository/org/apache/ant/ant-launcher/1.10.9/ant-launcher-1.10.9.jar:/Users/rams/.m2/repository/org/apache/httpcomponents/httpcore/4.4.6/httpcore-4.4.6.jar:/Users/rams/.m2/repository/com/google/inject/guice/4.0.0.redhat-2/guice-4.0.0.redhat-2-no_aop.jar:/Users/rams/.m2/repository/javax/inject/javax.inject/1.0.0.redhat-6/javax.inject-1.0.0.redhat-6.jar:/Users/rams/.m2/repository/aopalliance/aopalliance/1.0.0.redhat-2/aopalliance-1.0.0.redhat-2.jar:/Users/rams/.m2/repository/org/apache/maven/maven-core/3.3.9.redhat-2/maven-core-3.3.9.redhat-2.jar:/Users/rams/.m2/repository/org/apache/maven/maven-repository-metadata/3.3.9.redhat-2/maven-repository-metadata-3.3.9.redhat-2.jar:/Users/rams/.m2/repository/org/codehaus/plexus/plexus-interpolation/1.21.0.redhat-1/plexus-interpolation-1.21.0.redhat-1.jar:/Users/rams/.m2/repository/org/codehaus/plexus/plexus-component-annotations/1.6.0.redhat-1/plexus-component-annotations-1.6.0.redhat-1.jar:/Users/rams/.m2/repository/org/apache/maven/maven-model-builder/3.3.9.redhat-2/maven-model-builder-3.3.9.redhat-2.jar:/Users/rams/.m2/repository/org/apache/maven/maven-builder-support/3.3.9.redhat-2/maven-builder-support-3.3.9.redhat-2.jar:/Users/rams/.m2/repository/org/apache/maven/maven-settings/3.3.9.redhat-2/maven-settings-3.3.9.redhat-2.jar:/Users/rams/.m2/repository/org/apache/maven/maven-settings-builder/3.3.9.redhat-2/maven-settings-builder-3.3.9.redhat-2.jar:/Users/rams/.m2/repository/org/apache/maven/maven-compat/3.3.9.redhat-2/maven-compat-3.3.9.redhat-2.jar:/Users/rams/.m2/repository/org/apache/maven/maven-aether-provider/3.3.9.redhat-2/maven-aether-provider-3.3.9.redhat-2.jar:/Users/rams/.m2/repository/org/apache/maven/wagon/wagon-provider-api/3.0.0.redhat-2/wagon-provider-api-3.0.0.redhat-2.jar:/Users/rams/.m2/repository/org/sonatype/plexus/plexus-sec-dispatcher/1.3.0.redhat-1/plexus-sec-dispatcher-1.3.0.redhat-1.jar:/Users/rams/.m2/repository/org/codehaus/plexus/plexus-classworlds/2.5.2.redhat-2/plexus-classworlds-2.5.2.redhat-2.jar:/Users/rams/.m2/repository/org/eclipse/aether/aether-impl/1.1.0.redhat-1/aether-impl-1.1.0.redhat-1.jar:/Users/rams/.m2/repository/org/eclipse/aether/aether-connector-basic/1.1.0.redhat-1/aether-connector-basic-1.1.0.redhat-1.jar:/Users/rams/.m2/repository/org/eclipse/aether/aether-transport-wagon/1.1.0.redhat-1/aether-transport-wagon-1.1.0.redhat-1.jar:/Users/rams/.m2/repository/org/eclipse/sisu/org.eclipse.sisu.plexus/0.3.2.redhat-00002/org.eclipse.sisu.plexus-0.3.2.redhat-00002.jar:/Users/rams/.m2/repository/javax/enterprise/cdi-api/1.0/cdi-api-1.0.jar:/Users/rams/.m2/repository/javax/annotation/jsr250-api/1.0/jsr250-api-1.0.jar:/Users/rams/.m2/repository/org/eclipse/sisu/org.eclipse.sisu.inject.extender/0.3.2.redhat-00002/org.eclipse.sisu.inject.extender-0.3.2.redhat-00002.jar:/Users/rams/.m2/repository/org/eclipse/sisu/org.eclipse.sisu.inject/0.3.2.redhat-00002/org.eclipse.sisu.inject-0.3.2.redhat-00002.jar:/Users/rams/.m2/repository/org/apache/maven/wagon/wagon-http/3.0.0.redhat-2/wagon-http-3.0.0.redhat-2.jar:/Users/rams/.m2/repository/org/apache/maven/wagon/wagon-http-shared/3.0.0.redhat-2/wagon-http-shared-3.0.0.redhat-2.jar:/Users/rams/.m2/repository/org/jsoup/jsoup/1.7.2/jsoup-1.7.2.jar:/Users/rams/.m2/repository/org/apache/httpcomponents/httpclient/4.5.3/httpclient-4.5.3.jar:/Users/rams/.m2/repository/org/sonatype/plexus/plexus-cipher/1.7.0.redhat-1/plexus-cipher-1.7.0.redhat-1.jar:/Users/rams/.m2/repository/org/kie/soup/kie-soup-maven-support/7.52.0.Final-redhat-00008/kie-soup-maven-support-7.52.0.Final-redhat-00008.jar:/Users/rams/.m2/repository/org/drools/drools-compiler/7.52.0.Final-redhat-00008/drools-compiler-7.52.0.Final-redhat-00008.jar:/Users/rams/.m2/repository/org/kie/kie-memory-compiler/7.52.0.Final-redhat-00008/kie-memory-compiler-7.52.0.Final-redhat-00008.jar:/Users/rams/.m2/repository/org/antlr/antlr-runtime/3.5.2.redhat-1/antlr-runtime-3.5.2.redhat-1.jar:/Users/rams/.m2/repository/org/drools/drools-ecj/7.52.0.Final-redhat-00008/drools-ecj-7.52.0.Final-redhat-00008.jar:/Users/rams/.m2/repository/io/cucumber/cucumber-java/6.11.0/cucumber-java-6.11.0.jar:/Users/rams/.m2/repository/org/apiguardian/apiguardian-api/1.1.2/apiguardian-api-1.1.2.jar:/Users/rams/.m2/repository/io/cucumber/cucumber-junit/6.11.0/cucumber-junit-6.11.0.jar:/Users/rams/.m2/repository/io/cucumber/cucumber-core/6.11.0/cucumber-core-6.11.0.jar:/Users/rams/.m2/repository/io/cucumber/cucumber-gherkin/6.11.0/cucumber-gherkin-6.11.0.jar:/Users/rams/.m2/repository/io/cucumber/cucumber-gherkin-messages/6.11.0/cucumber-gherkin-messages-6.11.0.jar:/Users/rams/.m2/repository/io/cucumber/messages/15.0.0/messages-15.0.0.jar:/Users/rams/.m2/repository/io/cucumber/tag-expressions/3.0.1/tag-expressions-3.0.1.jar:/Users/rams/.m2/repository/io/cucumber/cucumber-expressions/10.3.0/cucumber-expressions-10.3.0.jar:/Users/rams/.m2/repository/io/cucumber/datatable/3.5.0/datatable-3.5.0.jar:/Users/rams/.m2/repository/io/cucumber/cucumber-plugin/6.11.0/cucumber-plugin-6.11.0.jar:/Users/rams/.m2/repository/io/cucumber/docstring/6.11.0/docstring-6.11.0.jar:/Users/rams/.m2/repository/io/cucumber/html-formatter/13.0.0/html-formatter-13.0.0.jar:/Users/rams/.m2/repository/io/cucumber/create-meta/4.0.0/create-meta-4.0.0.jar:/Users/rams/.m2/repository/io/cucumber/cucumber-picocontainer/6.11.0/cucumber-picocontainer-6.11.0.jar:/Users/rams/.m2/repository/org/picocontainer/picocontainer/2.15/picocontainer-2.15.jar:/Users/rams/.m2/repository/junit/junit/4.13.1/junit-4.13.1.jar:/Users/rams/.m2/repository/org/hamcrest/hamcrest-core/1.3/hamcrest-core-1.3.jar:"/>
    <property name="java.vm.vendor" value="Oracle Corporation"/>
    <property name="sun.arch.data.model" value="64"/>
    <property name="java.vendor.url" value="https://openjdk.java.net/"/>
    <property name="user.timezone" value=""/>
    <property name="java.vm.specification.version" value="11"/>
    <property name="os.name" value="Mac OS X"/>
    <property name="sun.java.launcher" value="SUN_STANDARD"/>
    <property name="user.country" value="GB"/>
    <property name="sun.boot.library.path" value="/Library/Java/JavaVirtualMachines/jdk-11.0.9.jdk/Contents/Home/lib"/>
    <property name="sun.java.command" value="/Users/rams/liveprojects/Garanti/loanapproval-test-jbpm-bdd/target/surefire/surefirebooter1327368272752510543.jar /Users/rams/liveprojects/Garanti/loanapproval-test-jbpm-bdd/target/surefire 2021-09-14T15-27-08_942-jvmRun1 surefire2336165403182089121tmp surefire_06944404065985233836tmp"/>
    <property name="jdk.debug" value="release"/>
    <property name="surefire.test.class.path" value="/Users/rams/liveprojects/Garanti/loanapproval-test-jbpm-bdd/target/test-classes:/Users/rams/liveprojects/Garanti/loanapproval-test-jbpm-bdd/target/classes:/Users/rams/.m2/repository/com/garanti/loanapproval/1.0.0-SNAPSHOT/loanapproval-1.0.0-SNAPSHOT.jar:/Users/rams/.m2/repository/org/jbpm/jbpm-test/7.52.0.Final-redhat-00008/jbpm-test-7.52.0.Final-redhat-00008.jar:/Users/rams/.m2/repository/org/drools/drools-core/7.52.0.Final-redhat-00008/drools-core-7.52.0.Final-redhat-00008.jar:/Users/rams/.m2/repository/org/kie/soup/kie-soup-xstream/7.52.0.Final-redhat-00008/kie-soup-xstream-7.52.0.Final-redhat-00008.jar:/Users/rams/.m2/repository/org/drools/drools-core-reflective/7.52.0.Final-redhat-00008/drools-core-reflective-7.52.0.Final-redhat-00008.jar:/Users/rams/.m2/repository/org/drools/drools-core-dynamic/7.52.0.Final-redhat-00008/drools-core-dynamic-7.52.0.Final-redhat-00008.jar:/Users/rams/.m2/repository/commons-codec/commons-codec/1.11.0.redhat-00001/commons-codec-1.11.0.redhat-00001.jar:/Users/rams/.m2/repository/org/jbpm/jbpm-bpmn2/7.52.0.Final-redhat-00008/jbpm-bpmn2-7.52.0.Final-redhat-00008.jar:/Users/rams/.m2/repository/org/jbpm/jbpm-flow-builder/7.52.0.Final-redhat-00008/jbpm-flow-builder-7.52.0.Final-redhat-00008.jar:/Users/rams/.m2/repository/org/mvel/mvel2/2.4.12.Final-redhat-00001/mvel2-2.4.12.Final-redhat-00001.jar:/Users/rams/.m2/repository/org/jbpm/jbpm-flow/7.52.0.Final-redhat-00008/jbpm-flow-7.52.0.Final-redhat-00008.jar:/Users/rams/.m2/repository/org/drools/drools-mvel/7.52.0.Final-redhat-00008/drools-mvel-7.52.0.Final-redhat-00008.jar:/Users/rams/.m2/repository/org/drools/drools-serialization-protobuf/7.52.0.Final-redhat-00008/drools-serialization-protobuf-7.52.0.Final-redhat-00008.jar:/Users/rams/.m2/repository/org/kie/soup/kie-soup-commons/7.52.0.Final-redhat-00008/kie-soup-commons-7.52.0.Final-redhat-00008.jar:/Users/rams/.m2/repository/org/kie/soup/kie-soup-project-datamodel-commons/7.52.0.Final-redhat-00008/kie-soup-project-datamodel-commons-7.52.0.Final-redhat-00008.jar:/Users/rams/.m2/repository/org/kie/soup/kie-soup-project-datamodel-api/7.52.0.Final-redhat-00008/kie-soup-project-datamodel-api-7.52.0.Final-redhat-00008.jar:/Users/rams/.m2/repository/org/kie/kie-dmn-api/7.52.0.Final-redhat-00008/kie-dmn-api-7.52.0.Final-redhat-00008.jar:/Users/rams/.m2/repository/org/kie/kie-dmn-feel/7.52.0.Final-redhat-00008/kie-dmn-feel-7.52.0.Final-redhat-00008.jar:/Users/rams/.m2/repository/org/kie/kie-dmn-model/7.52.0.Final-redhat-00008/kie-dmn-model-7.52.0.Final-redhat-00008.jar:/Users/rams/.m2/repository/org/antlr/antlr4-runtime/4.8.0.redhat-00002/antlr4-runtime-4.8.0.redhat-00002.jar:/Users/rams/.m2/repository/com/github/javaparser/javaparser-core/3.13.10/javaparser-core-3.13.10.jar:/Users/rams/.m2/repository/org/drools/drools-mvel-parser/7.52.0.Final-redhat-00008/drools-mvel-parser-7.52.0.Final-redhat-00008.jar:/Users/rams/.m2/repository/ch/obermuhlner/big-math/2.0.1/big-math-2.0.1.jar:/Users/rams/.m2/repository/org/kie/kie-dmn-core/7.52.0.Final-redhat-00008/kie-dmn-core-7.52.0.Final-redhat-00008.jar:/Users/rams/.m2/repository/org/kie/kie-dmn-backend/7.52.0.Final-redhat-00008/kie-dmn-backend-7.52.0.Final-redhat-00008.jar:/Users/rams/.m2/repository/org/drools/drools-ruleunit/7.52.0.Final-redhat-00008/drools-ruleunit-7.52.0.Final-redhat-00008.jar:/Users/rams/.m2/repository/org/drools/drools-canonical-model/7.52.0.Final-redhat-00008/drools-canonical-model-7.52.0.Final-redhat-00008.jar:/Users/rams/.m2/repository/org/drools/drools-model-compiler/7.52.0.Final-redhat-00008/drools-model-compiler-7.52.0.Final-redhat-00008.jar:/Users/rams/.m2/repository/org/drools/drools-mvel-compiler/7.52.0.Final-redhat-00008/drools-mvel-compiler-7.52.0.Final-redhat-00008.jar:/Users/rams/.m2/repository/org/drools/drools-alphanetwork-compiler/7.52.0.Final-redhat-00008/drools-alphanetwork-compiler-7.52.0.Final-redhat-00008.jar:/Users/rams/.m2/repository/org/jpmml/pmml-model/1.5.1/pmml-model-1.5.1.jar:/Users/rams/.m2/repository/org/jpmml/pmml-agent/1.5.1/pmml-agent-1.5.1.jar:/Users/rams/.m2/repository/com/google/protobuf/protobuf-java/3.6.1/protobuf-java-3.6.1.jar:/Users/rams/.m2/repository/org/apache/commons/commons-lang3/3.9.0.redhat-00001/commons-lang3-3.9.0.redhat-00001.jar:/Users/rams/.m2/repository/org/jbpm/jbpm-persistence-jpa/7.52.0.Final-redhat-00008/jbpm-persistence-jpa-7.52.0.Final-redhat-00008.jar:/Users/rams/.m2/repository/org/jbpm/jbpm-persistence-api/7.52.0.Final-redhat-00008/jbpm-persistence-api-7.52.0.Final-redhat-00008.jar:/Users/rams/.m2/repository/org/drools/drools-persistence-jpa/7.52.0.Final-redhat-00008/drools-persistence-jpa-7.52.0.Final-redhat-00008.jar:/Users/rams/.m2/repository/org/jboss/spec/javax/xml/bind/jboss-jaxb-api_2.3_spec/1.0.1.Final-redhat-1/jboss-jaxb-api_2.3_spec-1.0.1.Final-redhat-1.jar:/Users/rams/.m2/repository/org/drools/drools-persistence-api/7.52.0.Final-redhat-00008/drools-persistence-api-7.52.0.Final-redhat-00008.jar:/Users/rams/.m2/repository/org/jbpm/jbpm-audit/7.52.0.Final-redhat-00008/jbpm-audit-7.52.0.Final-redhat-00008.jar:/Users/rams/.m2/repository/org/jbpm/jbpm-query-jpa/7.52.0.Final-redhat-00008/jbpm-query-jpa-7.52.0.Final-redhat-00008.jar:/Users/rams/.m2/repository/com/thoughtworks/xstream/xstream/1.4.16.redhat-00001/xstream-1.4.16.redhat-00001.jar:/Users/rams/.m2/repository/io/github/x-stream/mxparser/1.2.1/mxparser-1.2.1.jar:/Users/rams/.m2/repository/xmlpull/xmlpull/1.1.3.1/xmlpull-1.1.3.1.jar:/Users/rams/.m2/repository/org/jbpm/jbpm-human-task-core/7.52.0.Final-redhat-00008/jbpm-human-task-core-7.52.0.Final-redhat-00008.jar:/Users/rams/.m2/repository/org/jboss/spec/javax/annotation/jboss-annotations-api_1.2_spec/1.0.0.Final-redhat-1/jboss-annotations-api_1.2_spec-1.0.0.Final-redhat-1.jar:/Users/rams/.m2/repository/javax/mail/mail/1.4.5.redhat-2/mail-1.4.5.redhat-2.jar:/Users/rams/.m2/repository/com/fasterxml/jackson/core/jackson-annotations/2.10.4.redhat-00002/jackson-annotations-2.10.4.redhat-00002.jar:/Users/rams/.m2/repository/com/fasterxml/jackson/core/jackson-core/2.10.4.redhat-00002/jackson-core-2.10.4.redhat-00002.jar:/Users/rams/.m2/repository/com/fasterxml/jackson/core/jackson-databind/2.10.5.1-redhat-00001/jackson-databind-2.10.5.1-redhat-00001.jar:/Users/rams/.m2/repository/org/slf4j/jcl-over-slf4j/1.7.30.redhat-00001/jcl-over-slf4j-1.7.30.redhat-00001.jar:/Users/rams/.m2/repository/com/google/guava/guava/25.0-jre/guava-25.0-jre.jar:/Users/rams/.m2/repository/com/google/code/findbugs/jsr305/1.3.9/jsr305-1.3.9.jar:/Users/rams/.m2/repository/org/checkerframework/checker-compat-qual/2.0.0/checker-compat-qual-2.0.0.jar:/Users/rams/.m2/repository/com/google/errorprone/error_prone_annotations/2.1.3/error_prone_annotations-2.1.3.jar:/Users/rams/.m2/repository/com/google/j2objc/j2objc-annotations/1.1/j2objc-annotations-1.1.jar:/Users/rams/.m2/repository/org/codehaus/mojo/animal-sniffer-annotations/1.14/animal-sniffer-annotations-1.14.jar:/Users/rams/.m2/repository/javax/activation/activation/1.1.1.redhat-5/activation-1.1.1.redhat-5.jar:/Users/rams/.m2/repository/org/jbpm/jbpm-human-task-workitems/7.52.0.Final-redhat-00008/jbpm-human-task-workitems-7.52.0.Final-redhat-00008.jar:/Users/rams/.m2/repository/org/jbpm/jbpm-shared-services/7.52.0.Final-redhat-00008/jbpm-shared-services-7.52.0.Final-redhat-00008.jar:/Users/rams/.m2/repository/org/jbpm/jbpm-services-api/7.52.0.Final-redhat-00008/jbpm-services-api-7.52.0.Final-redhat-00008.jar:/Users/rams/.m2/repository/org/jbpm/jbpm-case-mgmt-api/7.52.0.Final-redhat-00008/jbpm-case-mgmt-api-7.52.0.Final-redhat-00008.jar:/Users/rams/.m2/repository/org/kie/kie-api/7.52.0.Final-redhat-00008/kie-api-7.52.0.Final-redhat-00008.jar:/Users/rams/.m2/repository/org/kie/kie-internal/7.52.0.Final-redhat-00008/kie-internal-7.52.0.Final-redhat-00008.jar:/Users/rams/.m2/repository/org/jbpm/jbpm-runtime-manager/7.52.0.Final-redhat-00008/jbpm-runtime-manager-7.52.0.Final-redhat-00008.jar:/Users/rams/.m2/repository/org/eclipse/aether/aether-api/1.1.0.redhat-1/aether-api-1.1.0.redhat-1.jar:/Users/rams/.m2/repository/org/jbpm/jbpm-human-task-audit/7.52.0.Final-redhat-00008/jbpm-human-task-audit-7.52.0.Final-redhat-00008.jar:/Users/rams/.m2/repository/org/jbpm/jbpm-human-task-jpa/7.52.0.Final-redhat-00008/jbpm-human-task-jpa-7.52.0.Final-redhat-00008.jar:/Users/rams/.m2/repository/com/h2database/h2/1.3.173.redhat-2/h2-1.3.173.redhat-2.jar:/Users/rams/.m2/repository/org/hibernate/hibernate-entitymanager/5.3.18.Final-redhat-00002/hibernate-entitymanager-5.3.18.Final-redhat-00002.jar:/Users/rams/.m2/repository/org/jboss/logging/jboss-logging/3.3.2.Final/jboss-logging-3.3.2.Final.jar:/Users/rams/.m2/repository/org/dom4j/dom4j/2.1.3/dom4j-2.1.3.jar:/Users/rams/.m2/repository/org/hibernate/common/hibernate-commons-annotations/5.0.4.Final/hibernate-commons-annotations-5.0.4.Final.jar:/Users/rams/.m2/repository/net/bytebuddy/byte-buddy/1.9.11/byte-buddy-1.9.11.jar:/Users/rams/.m2/repository/org/hibernate/hibernate-core/5.3.18.Final-redhat-00002/hibernate-core-5.3.18.Final-redhat-00002.jar:/Users/rams/.m2/repository/antlr/antlr/2.7.7/antlr-2.7.7.jar:/Users/rams/.m2/repository/org/jboss/jandex/2.0.5.Final/jandex-2.0.5.Final.jar:/Users/rams/.m2/repository/com/fasterxml/classmate/1.3.4/classmate-1.3.4.jar:/Users/rams/.m2/repository/javax/xml/bind/jaxb-api/2.3.1/jaxb-api-2.3.1.jar:/Users/rams/.m2/repository/org/glassfish/jaxb/jaxb-runtime/2.3.1/jaxb-runtime-2.3.1.jar:/Users/rams/.m2/repository/org/glassfish/jaxb/txw2/2.3.1/txw2-2.3.1.jar:/Users/rams/.m2/repository/com/sun/istack/istack-commons-runtime/3.0.7/istack-commons-runtime-3.0.7.jar:/Users/rams/.m2/repository/org/jvnet/staxex/stax-ex/1.8/stax-ex-1.8.jar:/Users/rams/.m2/repository/com/sun/xml/fastinfoset/FastInfoset/1.2.15/FastInfoset-1.2.15.jar:/Users/rams/.m2/repository/javax/persistence/javax.persistence-api/2.2.0.redhat-1/javax.persistence-api-2.2.0.redhat-1.jar:/Users/rams/.m2/repository/org/jboss/narayana/jta/narayana-jta/5.9.0.Final-redhat-00001/narayana-jta-5.9.0.Final-redhat-00001.jar:/Users/rams/.m2/repository/org/jboss/jboss-transaction-spi/7.6.0.Final-redhat-1/jboss-transaction-spi-7.6.0.Final-redhat-1.jar:/Users/rams/.m2/repository/org/jboss/spec/javax/resource/jboss-connector-api_1.7_spec/1.0.0.Final/jboss-connector-api_1.7_spec-1.0.0.Final.jar:/Users/rams/.m2/repository/org/slf4j/slf4j-api/1.7.30.redhat-00001/slf4j-api-1.7.30.redhat-00001.jar:/Users/rams/.m2/repository/org/javassist/javassist/3.26.0.GA-redhat-00001/javassist-3.26.0.GA-redhat-00001.jar:/Users/rams/.m2/repository/org/jboss/spec/javax/transaction/jboss-transaction-api_1.2_spec/1.1.1.Final-redhat-1/jboss-transaction-api_1.2_spec-1.1.1.Final-redhat-1.jar:/Users/rams/.m2/repository/org/kie/kie-test-util/7.52.0.Final-redhat-00008/kie-test-util-7.52.0.Final-redhat-00008.jar:/Users/rams/.m2/repository/commons-collections/commons-collections/3.2.2.redhat-2/commons-collections-3.2.2.redhat-2.jar:/Users/rams/.m2/repository/org/apache/tomcat/tomcat-dbcp/9.0.21.redhat-5/tomcat-dbcp-9.0.21.redhat-5.jar:/Users/rams/.m2/repository/org/apache/tomcat/tomcat-juli/9.0.21.redhat-5/tomcat-juli-9.0.21.redhat-5.jar:/Users/rams/.m2/repository/simple-jndi/simple-jndi/0.11.4.1/simple-jndi-0.11.4.1.jar:/Users/rams/.m2/repository/ch/qos/logback/logback-classic/1.2.3.redhat-00001/logback-classic-1.2.3.redhat-00001.jar:/Users/rams/.m2/repository/ch/qos/logback/logback-core/1.2.3.redhat-00001/logback-core-1.2.3.redhat-00001.jar:/Users/rams/.m2/repository/org/apache/maven/maven-model/3.3.9.redhat-2/maven-model-3.3.9.redhat-2.jar:/Users/rams/.m2/repository/org/codehaus/plexus/plexus-utils/3.0.22.redhat-00001/plexus-utils-3.0.22.redhat-00001.jar:/Users/rams/.m2/repository/org/jbpm/jbpm-test-util/7.52.0.Final-redhat-00008/jbpm-test-util-7.52.0.Final-redhat-00008.jar:/Users/rams/.m2/repository/commons-io/commons-io/2.6.0.redhat-00001/commons-io-2.6.0.redhat-00001.jar:/Users/rams/.m2/repository/org/kie/kie-ci/7.52.0.Final-redhat-00008/kie-ci-7.52.0.Final-redhat-00008.jar:/Users/rams/.m2/repository/org/kie/soup/kie-soup-maven-integration/7.52.0.Final-redhat-00008/kie-soup-maven-integration-7.52.0.Final-redhat-00008.jar:/Users/rams/.m2/repository/org/apache/maven/maven-artifact/3.3.9.redhat-2/maven-artifact-3.3.9.redhat-2.jar:/Users/rams/.m2/repository/org/apache/maven/maven-plugin-api/3.3.9.redhat-2/maven-plugin-api-3.3.9.redhat-2.jar:/Users/rams/.m2/repository/org/eclipse/aether/aether-util/1.1.0.redhat-1/aether-util-1.1.0.redhat-1.jar:/Users/rams/.m2/repository/org/eclipse/aether/aether-spi/1.1.0.redhat-1/aether-spi-1.1.0.redhat-1.jar:/Users/rams/.m2/repository/org/eclipse/aether/aether-transport-file/1.1.0.redhat-1/aether-transport-file-1.1.0.redhat-1.jar:/Users/rams/.m2/repository/org/eclipse/aether/aether-transport-http/1.1.0.redhat-1/aether-transport-http-1.1.0.redhat-1.jar:/Users/rams/.m2/repository/org/apache/ant/ant/1.10.9/ant-1.10.9.jar:/Users/rams/.m2/repository/org/apache/ant/ant-launcher/1.10.9/ant-launcher-1.10.9.jar:/Users/rams/.m2/repository/org/apache/httpcomponents/httpcore/4.4.6/httpcore-4.4.6.jar:/Users/rams/.m2/repository/com/google/inject/guice/4.0.0.redhat-2/guice-4.0.0.redhat-2-no_aop.jar:/Users/rams/.m2/repository/javax/inject/javax.inject/1.0.0.redhat-6/javax.inject-1.0.0.redhat-6.jar:/Users/rams/.m2/repository/aopalliance/aopalliance/1.0.0.redhat-2/aopalliance-1.0.0.redhat-2.jar:/Users/rams/.m2/repository/org/apache/maven/maven-core/3.3.9.redhat-2/maven-core-3.3.9.redhat-2.jar:/Users/rams/.m2/repository/org/apache/maven/maven-repository-metadata/3.3.9.redhat-2/maven-repository-metadata-3.3.9.redhat-2.jar:/Users/rams/.m2/repository/org/codehaus/plexus/plexus-interpolation/1.21.0.redhat-1/plexus-interpolation-1.21.0.redhat-1.jar:/Users/rams/.m2/repository/org/codehaus/plexus/plexus-component-annotations/1.6.0.redhat-1/plexus-component-annotations-1.6.0.redhat-1.jar:/Users/rams/.m2/repository/org/apache/maven/maven-model-builder/3.3.9.redhat-2/maven-model-builder-3.3.9.redhat-2.jar:/Users/rams/.m2/repository/org/apache/maven/maven-builder-support/3.3.9.redhat-2/maven-builder-support-3.3.9.redhat-2.jar:/Users/rams/.m2/repository/org/apache/maven/maven-settings/3.3.9.redhat-2/maven-settings-3.3.9.redhat-2.jar:/Users/rams/.m2/repository/org/apache/maven/maven-settings-builder/3.3.9.redhat-2/maven-settings-builder-3.3.9.redhat-2.jar:/Users/rams/.m2/repository/org/apache/maven/maven-compat/3.3.9.redhat-2/maven-compat-3.3.9.redhat-2.jar:/Users/rams/.m2/repository/org/apache/maven/maven-aether-provider/3.3.9.redhat-2/maven-aether-provider-3.3.9.redhat-2.jar:/Users/rams/.m2/repository/org/apache/maven/wagon/wagon-provider-api/3.0.0.redhat-2/wagon-provider-api-3.0.0.redhat-2.jar:/Users/rams/.m2/repository/org/sonatype/plexus/plexus-sec-dispatcher/1.3.0.redhat-1/plexus-sec-dispatcher-1.3.0.redhat-1.jar:/Users/rams/.m2/repository/org/codehaus/plexus/plexus-classworlds/2.5.2.redhat-2/plexus-classworlds-2.5.2.redhat-2.jar:/Users/rams/.m2/repository/org/eclipse/aether/aether-impl/1.1.0.redhat-1/aether-impl-1.1.0.redhat-1.jar:/Users/rams/.m2/repository/org/eclipse/aether/aether-connector-basic/1.1.0.redhat-1/aether-connector-basic-1.1.0.redhat-1.jar:/Users/rams/.m2/repository/org/eclipse/aether/aether-transport-wagon/1.1.0.redhat-1/aether-transport-wagon-1.1.0.redhat-1.jar:/Users/rams/.m2/repository/org/eclipse/sisu/org.eclipse.sisu.plexus/0.3.2.redhat-00002/org.eclipse.sisu.plexus-0.3.2.redhat-00002.jar:/Users/rams/.m2/repository/javax/enterprise/cdi-api/1.0/cdi-api-1.0.jar:/Users/rams/.m2/repository/javax/annotation/jsr250-api/1.0/jsr250-api-1.0.jar:/Users/rams/.m2/repository/org/eclipse/sisu/org.eclipse.sisu.inject.extender/0.3.2.redhat-00002/org.eclipse.sisu.inject.extender-0.3.2.redhat-00002.jar:/Users/rams/.m2/repository/org/eclipse/sisu/org.eclipse.sisu.inject/0.3.2.redhat-00002/org.eclipse.sisu.inject-0.3.2.redhat-00002.jar:/Users/rams/.m2/repository/org/apache/maven/wagon/wagon-http/3.0.0.redhat-2/wagon-http-3.0.0.redhat-2.jar:/Users/rams/.m2/repository/org/apache/maven/wagon/wagon-http-shared/3.0.0.redhat-2/wagon-http-shared-3.0.0.redhat-2.jar:/Users/rams/.m2/repository/org/jsoup/jsoup/1.7.2/jsoup-1.7.2.jar:/Users/rams/.m2/repository/org/apache/httpcomponents/httpclient/4.5.3/httpclient-4.5.3.jar:/Users/rams/.m2/repository/org/sonatype/plexus/plexus-cipher/1.7.0.redhat-1/plexus-cipher-1.7.0.redhat-1.jar:/Users/rams/.m2/repository/org/kie/soup/kie-soup-maven-support/7.52.0.Final-redhat-00008/kie-soup-maven-support-7.52.0.Final-redhat-00008.jar:/Users/rams/.m2/repository/org/drools/drools-compiler/7.52.0.Final-redhat-00008/drools-compiler-7.52.0.Final-redhat-00008.jar:/Users/rams/.m2/repository/org/kie/kie-memory-compiler/7.52.0.Final-redhat-00008/kie-memory-compiler-7.52.0.Final-redhat-00008.jar:/Users/rams/.m2/repository/org/antlr/antlr-runtime/3.5.2.redhat-1/antlr-runtime-3.5.2.redhat-1.jar:/Users/rams/.m2/repository/org/drools/drools-ecj/7.52.0.Final-redhat-00008/drools-ecj-7.52.0.Final-redhat-00008.jar:/Users/rams/.m2/repository/io/cucumber/cucumber-java/6.11.0/cucumber-java-6.11.0.jar:/Users/rams/.m2/repository/org/apiguardian/apiguardian-api/1.1.2/apiguardian-api-1.1.2.jar:/Users/rams/.m2/repository/io/cucumber/cucumber-junit/6.11.0/cucumber-junit-6.11.0.jar:/Users/rams/.m2/repository/io/cucumber/cucumber-core/6.11.0/cucumber-core-6.11.0.jar:/Users/rams/.m2/repository/io/cucumber/cucumber-gherkin/6.11.0/cucumber-gherkin-6.11.0.jar:/Users/rams/.m2/repository/io/cucumber/cucumber-gherkin-messages/6.11.0/cucumber-gherkin-messages-6.11.0.jar:/Users/rams/.m2/repository/io/cucumber/messages/15.0.0/messages-15.0.0.jar:/Users/rams/.m2/repository/io/cucumber/tag-expressions/3.0.1/tag-expressions-3.0.1.jar:/Users/rams/.m2/repository/io/cucumber/cucumber-expressions/10.3.0/cucumber-expressions-10.3.0.jar:/Users/rams/.m2/repository/io/cucumber/datatable/3.5.0/datatable-3.5.0.jar:/Users/rams/.m2/repository/io/cucumber/cucumber-plugin/6.11.0/cucumber-plugin-6.11.0.jar:/Users/rams/.m2/repository/io/cucumber/docstring/6.11.0/docstring-6.11.0.jar:/Users/rams/.m2/repository/io/cucumber/html-formatter/13.0.0/html-formatter-13.0.0.jar:/Users/rams/.m2/repository/io/cucumber/create-meta/4.0.0/create-meta-4.0.0.jar:/Users/rams/.m2/repository/io/cucumber/cucumber-picocontainer/6.11.0/cucumber-picocontainer-6.11.0.jar:/Users/rams/.m2/repository/org/picocontainer/picocontainer/2.15/picocontainer-2.15.jar:/Users/rams/.m2/repository/junit/junit/4.13.1/junit-4.13.1.jar:/Users/rams/.m2/repository/org/hamcrest/hamcrest-core/1.3/hamcrest-core-1.3.jar:"/>
    <property name="sun.cpu.endian" value="little"/>
    <property name="user.home" value="/Users/rams"/>
    <property name="user.language" value="en"/>
    <property name="java.specification.vendor" value="Oracle Corporation"/>
    <property name="java.version.date" value="2020-10-20"/>
    <property name="java.home" value="/Library/Java/JavaVirtualMachines/jdk-11.0.9.jdk/Contents/Home"/>
    <property name="file.separator" value="/"/>
    <property name="basedir" value="/Users/rams/liveprojects/Garanti/loanapproval-test-jbpm-bdd"/>
    <property name="java.vm.compressedOopsMode" value="Zero based"/>
    <property name="line.separator" value="&#10;"/>
    <property name="java.specification.name" value="Java Platform API Specification"/>
    <property name="java.vm.specification.vendor" value="Oracle Corporation"/>
    <property name="java.awt.graphicsenv" value="sun.awt.CGraphicsEnvironment"/>
    <property name="surefire.real.class.path" value="/Users/rams/liveprojects/Garanti/loanapproval-test-jbpm-bdd/target/surefire/surefirebooter1327368272752510543.jar"/>
    <property name="sun.management.compiler" value="HotSpot 64-Bit Tiered Compilers"/>
    <property name="java.runtime.version" value="11.0.9+7-LTS"/>
    <property name="user.name" value="rams"/>
    <property name="path.separator" value=":"/>
    <property name="os.version" value="10.16"/>
    <property name="java.runtime.name" value="Java(TM) SE Runtime Environment"/>
    <property name="file.encoding" value="UTF-8"/>
    <property name="java.vm.name" value="Java HotSpot(TM) 64-Bit Server VM"/>
    <property name="java.vendor.version" value="18.9"/>
    <property name="localRepository" value="/Users/rams/.m2/repository"/>
    <property name="java.vendor.url.bug" value="https://bugreport.java.com/bugreport/"/>
    <property name="java.io.tmpdir" value="/var/folders/0d/0y84vzks43zc0w7kw63glkvm0000gn/T/"/>
    <property name="java.version" value="11.0.9"/>
    <property name="user.dir" value="/Users/rams/liveprojects/Garanti/loanapproval-test-jbpm-bdd"/>
    <property name="os.arch" value="x86_64"/>
    <property name="java.vm.specification.name" value="Java Virtual Machine Specification"/>
    <property name="java.awt.printerjob" value="sun.lwawt.macosx.CPrinterJob"/>
    <property name="sun.os.patch.level" value="unknown"/>
    <property name="java.library.path" value="/Users/rams/Library/Java/Extensions:/Library/Java/Extensions:/Network/Library/Java/Extensions:/System/Library/Java/Extensions:/usr/lib/java:."/>
    <property name="java.vendor" value="Oracle Corporation"/>
    <property name="java.vm.info" value="mixed mode"/>
    <property name="java.vm.version" value="11.0.9+7-LTS"/>
    <property name="sun.io.unicode.encoding" value="UnicodeBig"/>
    <property name="java.class.version" value="55.0"/>
  </properties>
  <testcase name="LoanApproved" classname="Test case &apos;loanapproval-process&apos;" time="6.477"/>
  <testcase name="LoanRejected" classname="Test case &apos;loanapproval-process&apos;" time="0.839"/>
</testsuite>